C51 COMPILER V9.53.0.0   LCD_8_BIT                                                         12/19/2018 17:28:00 PAGE 1   


C51 COMPILER V9.53.0.0, COMPILATION OF MODULE LCD_8_BIT
OBJECT MODULE PLACED IN LCD_8_BIT.OBJ
COMPILER INVOKED BY: C:\Keil_v5\C51\BIN\C51.EXE LCD_8_BIT.c OPTIMIZE(8,SPEED) BROWSE DEBUG OBJECTEXTEND TABS(2)

line level    source

   1          #include<reg51.h>
   2          #include "8051_delay.h"
   3          
   4          sbit RS = P3^0;
   5          sbit EN = P3^1;
   6          
   7          #define ON 1
   8          #define OFF 0
   9          
  10          void Lcd_Command(char cmd)
  11          {
  12   1        P2 = cmd;
  13   1        RS = OFF;
  14   1        EN = ON;
  15   1        delay(1);
  16   1        EN = OFF;
  17   1      }
  18          
  19          void Lcd_Data(char Data)
  20          {
  21   1        P2 = Data;
  22   1        RS = ON;
  23   1        EN = ON;
  24   1        delay(1);
  25   1        EN = OFF;
  26   1      }
  27          
  28          void Lcd_String(const unsigned char *Str)
  29          {
  30   1        while(*Str)
  31   1        {
  32   2          Lcd_Data(*Str++);
  33   2        } 
  34   1      }
  35          
  36          void Lcd_Intialization()
  37          {
  38   1        Lcd_Command(0x38);
  39   1        Lcd_Command(0x06);
  40   1        Lcd_Command(0x0c);
  41   1      }
  42          
  43          void main()
  44          {
  45   1        P2=0X00;
  46   1        P3=0X00;
  47   1      
  48   1        Lcd_Intialization();
  49   1        
  50   1        while(1)
  51   1        {
  52   2          Lcd_Command(0x80);
  53   2          Lcd_String("LYCO SOFT");
  54   2        }
  55   1      }
C51 COMPILER V9.53.0.0   LCD_8_BIT                                                         12/19/2018 17:28:00 PAGE 2   



MODULE INFORMATION:   STATIC OVERLAYABLE
   CODE SIZE        =    140    ----
   CONSTANT SIZE    =     10    ----
   XDATA SIZE       =   ----    ----
   PDATA SIZE       =   ----    ----
   DATA SIZE        =   ----       3
   IDATA SIZE       =   ----    ----
   BIT SIZE         =   ----    ----
END OF MODULE INFORMATION.


C51 COMPILATION COMPLETE.  0 WARNING(S),  0 ERROR(S)
